[INFO ] 2023-12-18 09:50:04.543 [main] DemoFile - Le dossier files/ a bien été créé
[INFO ] 2023-12-18 10:12:30.346 [main] DemoFile - Le dossier files/ n'a pas été créé
[INFO ] 2023-12-18 10:12:30.349 [main] DemoFile - Le fichier file.demo a bien été créé
[INFO ] 2023-12-18 10:16:40.679 [main] DemoFile - Le dossier files/ n'a pas été créé
[INFO ] 2023-12-18 10:16:40.682 [main] DemoFile - Le fichier file.demo n'a pas été créé
[INFO ] 2023-12-18 10:23:21.500 [main] DemoFile - Le dossier files/ n'a pas été créé
[INFO ] 2023-12-18 10:23:21.502 [main] DemoFile - Le fichier file.demo n'a pas été créé
[INFO ] 2023-12-18 10:23:21.503 [main] DemoFile - Les dossiers files/sub/folder ont bien été créés
[INFO ] 2023-12-18 10:35:03.752 [main] DemoFile - Le dossier files/ n'a pas été créé
[INFO ] 2023-12-18 10:35:03.754 [main] DemoFile - Le fichier file.demo n'a pas été créé
[INFO ] 2023-12-18 10:35:03.755 [main] DemoFile - Les dossiers files/sub/folder/ n'ont pas été créé
[INFO ] 2023-12-18 10:35:03.755 [main] DemoFile - Le fichier file.demo a bien été renommé en renamedFile.demo et déplacé dans files/sub/folder/
[INFO ] 2023-12-18 10:36:13.213 [main] DemoFile - Le dossier files/ n'a pas été créé
[INFO ] 2023-12-18 10:36:13.216 [main] DemoFile - Le fichier file.demo a bien été créé
[INFO ] 2023-12-18 10:36:13.216 [main] DemoFile - Les dossiers files/sub/folder/ n'ont pas été créé
[INFO ] 2023-12-18 10:36:13.216 [main] DemoFile - Le fichier file.demo n'a pas été renommé.
[INFO ] 2023-12-18 10:38:48.074 [main] DemoFile - Le dossier files/ n'a pas été créé
[INFO ] 2023-12-18 10:38:48.076 [main] DemoFile - Le fichier file.demo n'a pas été créé
[INFO ] 2023-12-18 10:38:48.077 [main] DemoFile - Les dossiers files/sub/folder/ n'ont pas été créé
[INFO ] 2023-12-18 10:38:48.077 [main] DemoFile - Le fichier file.demo n'a pas été renommé.
[INFO ] 2023-12-18 10:38:48.077 [main] DemoFile - Le fichier file.demo a bien été supprimé 
[INFO ] 2023-12-18 10:39:22.544 [main] DemoFile - Le dossier files/ n'a pas été créé
[INFO ] 2023-12-18 10:39:22.546 [main] DemoFile - Le fichier file.demo n'a pas été créé
[INFO ] 2023-12-18 10:39:22.546 [main] DemoFile - Les dossiers files/sub/folder/ n'ont pas été créé
[INFO ] 2023-12-18 10:39:22.546 [main] DemoFile - Le fichier file.demo a bien été renommé en renamedFile.demo et déplacé dans files/sub/folder/
[INFO ] 2023-12-18 10:39:22.547 [main] DemoFile - Le fichier renamedFile.demo a bien été supprimé 
[INFO ] 2023-12-18 10:49:24.580 [main] DemoFile - Le dossier files/ n'a pas été créé
[INFO ] 2023-12-18 10:49:24.583 [main] DemoFile - Le fichier file.demo a bien été créé
[INFO ] 2023-12-18 10:49:24.583 [main] DemoFile - Les dossiers files/sub/folder/ n'ont pas été créé
[INFO ] 2023-12-18 10:49:24.584 [main] DemoFile - Le fichier file.demo a bien été renommé en renamedFile.demo et déplacé dans files/sub/folder/
[INFO ] 2023-12-18 10:49:24.584 [main] DemoFile - Le fichier renamedFile.demo a bien été supprimé 
[INFO ] 2023-12-18 10:50:55.864 [main] DemoFile - Le dossier files/ n'a pas été créé
[INFO ] 2023-12-18 10:50:55.866 [main] DemoFile - Le fichier file.demo a bien été créé
[INFO ] 2023-12-18 10:50:55.867 [main] DemoFile - Les dossiers files/sub/folder/ n'ont pas été créé
[INFO ] 2023-12-18 10:50:55.867 [main] DemoFile - Le fichier file.demo a bien été renommé en renamedFile.demo et déplacé dans files/sub/folder/
[INFO ] 2023-12-18 10:50:55.867 [main] DemoFile - Le fichier renamedFile.demo a bien été supprimé 
[INFO ] 2023-12-18 11:02:54.005 [main] DemoFile - Le dossier files/ n'a pas été créé
[INFO ] 2023-12-18 11:02:54.008 [main] DemoFile - Le fichier file.demo a bien été créé
[INFO ] 2023-12-18 11:02:54.008 [main] DemoFile - Les dossiers files/sub/folder/ n'ont pas été créé
[INFO ] 2023-12-18 11:02:54.009 [main] DemoFile - Le fichier file.demo a bien été renommé en renamedFile.demo et déplacé dans files/sub/folder/
[INFO ] 2023-12-18 11:02:54.009 [main] DemoFile - Le fichier renamedFile.demo a bien été supprimé 
[INFO ] 2023-12-18 11:06:49.416 [main] DemoFile - Le dossier files/ n'a pas été créé
[INFO ] 2023-12-18 11:06:49.420 [main] DemoFile - Le fichier file.demo a bien été créé
[INFO ] 2023-12-18 11:06:49.420 [main] DemoFile - Les dossiers files/sub/folder/ n'ont pas été créé
[INFO ] 2023-12-18 11:06:49.420 [main] DemoFile - Le fichier file.demo a bien été renommé en renamedFile.demo et déplacé dans files/sub/folder/
[INFO ] 2023-12-18 11:06:49.421 [main] DemoFile - Le fichier renamedFile.demo a bien été supprimé 
[INFO ] 2023-12-18 11:29:00.175 [main] DemoFile - Le dossier files/ n'a pas été créé
[INFO ] 2023-12-18 11:29:00.179 [main] DemoFile - Le fichier file.demo a bien été créé
[INFO ] 2023-12-18 11:29:00.180 [main] DemoFile - Les dossiers files/sub/folder/ n'ont pas été créé
[INFO ] 2023-12-18 11:29:00.180 [main] DemoFile - Le fichier file.demo a bien été renommé en renamedFile.demo et déplacé dans files/sub/folder/
[INFO ] 2023-12-18 11:29:00.180 [main] DemoFile - Le fichier renamedFile.demo a bien été supprimé 
[INFO ] 2023-12-18 11:29:20.496 [main] DemoFile - Le dossier files/ n'a pas été créé
[INFO ] 2023-12-18 11:29:20.504 [main] DemoFile - Le fichier file.demo a bien été créé
[INFO ] 2023-12-18 11:29:20.504 [main] DemoFile - Les dossiers files/sub/folder/ n'ont pas été créé
[INFO ] 2023-12-18 11:29:20.505 [main] DemoFile - Le fichier file.demo a bien été renommé en renamedFile.demo et déplacé dans files/sub/folder/
[INFO ] 2023-12-18 11:29:20.505 [main] DemoFile - Le fichier renamedFile.demo a bien été supprimé 
[INFO ] 2023-12-18 11:30:55.176 [main] DemoFile - Le dossier files/ n'a pas été créé
[INFO ] 2023-12-18 11:30:58.840 [main] DemoFile - Le fichier file.demo a bien été créé
[INFO ] 2023-12-18 11:31:09.968 [main] DemoFile - Les dossiers files/sub/folder/ n'ont pas été créé
[INFO ] 2023-12-18 11:31:12.473 [main] DemoFile - Le fichier file.demo a bien été renommé en renamedFile.demo et déplacé dans files/sub/folder/
[INFO ] 2023-12-18 11:31:12.473 [main] DemoFile - Le fichier renamedFile.demo a bien été supprimé 
[INFO ] 2023-12-18 11:31:20.625 [main] DemoFile - Le dossier files/ n'a pas été créé
[INFO ] 2023-12-18 11:31:20.629 [main] DemoFile - Le fichier file.demo a bien été créé
[INFO ] 2023-12-18 11:31:20.629 [main] DemoFile - Les dossiers files/sub/folder/ n'ont pas été créé
[INFO ] 2023-12-18 11:31:20.630 [main] DemoFile - Le fichier file.demo a bien été renommé en renamedFile.demo et déplacé dans files/sub/folder/
[INFO ] 2023-12-18 11:31:20.630 [main] DemoFile - Le fichier renamedFile.demo a bien été supprimé 
[INFO ] 2023-12-18 11:41:11.074 [main] DemoFile - Le dossier files/ n'a pas été créé
[INFO ] 2023-12-18 11:41:11.078 [main] DemoFile - Le fichier file.demo a bien été créé
[INFO ] 2023-12-18 11:41:11.078 [main] DemoFile - Les dossiers files/sub/folder/ n'ont pas été créé
[INFO ] 2023-12-18 11:41:11.079 [main] DemoFile - Le fichier file.demo a bien été renommé en renamedFile.demo et déplacé dans files/sub/folder/
[INFO ] 2023-12-18 11:41:11.079 [main] DemoFile - Le fichier renamedFile.demo a bien été supprimé 
[INFO ] 2023-12-18 11:41:38.360 [main] DemoFile - Le dossier files/ n'a pas été créé
[INFO ] 2023-12-18 11:41:38.364 [main] DemoFile - Le fichier file.demo a bien été créé
[INFO ] 2023-12-18 11:41:38.365 [main] DemoFile - Les dossiers files/sub/folder/ n'ont pas été créé
[INFO ] 2023-12-18 11:41:38.365 [main] DemoFile - Le fichier file.demo a bien été renommé en renamedFile.demo et déplacé dans files/sub/folder/
[INFO ] 2023-12-18 11:41:38.365 [main] DemoFile - Le fichier renamedFile.demo a bien été supprimé 
[INFO ] 2023-12-18 11:41:39.246 [main] DemoFile - Le dossier files/ n'a pas été créé
[INFO ] 2023-12-18 11:41:39.249 [main] DemoFile - Le fichier file.demo a bien été créé
[INFO ] 2023-12-18 11:41:39.249 [main] DemoFile - Les dossiers files/sub/folder/ n'ont pas été créé
[INFO ] 2023-12-18 11:41:39.250 [main] DemoFile - Le fichier file.demo a bien été renommé en renamedFile.demo et déplacé dans files/sub/folder/
[INFO ] 2023-12-18 11:41:39.250 [main] DemoFile - Le fichier renamedFile.demo a bien été supprimé 
